<?xml version="1.0" encoding="UTF-8"?>
<testsuites>
  <testsuite name="a" tests="4" failures="1" time="1.5">
    <testcase classname="auth" name="login ok" time="0.10"/>
    <testcase classname="auth" name="login fail" time="0.20">
      <failure message="expected 200"/>
    </testcase>
    <testcase classname="auth" name="retry me" time="0.05">
      <failure message="flaky"/>
    </testcase>
    <testcase classname="auth" name="retry me" time="0.08"/>
    <testcase classname="slow" name="big" time="1.2"/>
    <testcase classname="skip" name="later" time="0">
      <skipped/>
    </testcase>
  </testsuite>
</testsuites>
